[handleMsg]:  {
  key: {
    remoteJid: '56993626751@s.whatsapp.net',
    fromMe: false,
    id: 'DD6281E72A58E8C9F4',
    participant: undefined
  },
  messageTimestamp: 1696133660,
  pushName: 'Nico Neira',
  broadcast: false,
  message: Message {
    extendedTextMessage: ExtendedTextMessage { text: 'hola', contextInfo: [ContextInfo] },
    messageContextInfo: MessageContextInfo {
      deviceListMetadata: [DeviceListMetadata],
      deviceListMetadataVersion: 2
    }
  },
  body: 'hola',
  from: '56993626751'
}
[QUEUE_SE_ENVIO]:  {
  ref: 'ans_90526740-5835-4b8f-868d-571b2d475971',
  keyword: 'key_3d459c44-7a0b-47fe-ae5e-04fe277630c6',
  answer: 'Bienvenido al bot de pruebas del pipa \n' +
    '\n' +
    'Ingresa la palabra clave de lo que deseas\n' +
    '👉 " *todos* " = para ver todos los libros disponibles 📚\n' +
    '👉 " *buscar* " = para buscar Titulo o Autor del libro en nuestro inventario 📕\n' +
    '👉 " *horario* " =  para ver horario de atencion 🕑',
  options: {
    media: null,
    buttons: [],
    capture: false,
    child: null,
    delay: 0,
    nested: [ [Object], [Object], [Object], [Object], [Object], [Object] ],
    keyword: {},
    callback: false
  },
  refSerialize: '339725af4b309ff546baa7cc490bb777'
}
[handleMsg]:  {
  key: {
    remoteJid: '56993626751@s.whatsapp.net',
    fromMe: false,
    id: '8F94DFE1D9D5FA7C0D',
    participant: undefined
  },
  messageTimestamp: 1696133661,
  pushName: 'Nico Neira',
  broadcast: false,
  message: Message {
    extendedTextMessage: ExtendedTextMessage { text: 'todos', contextInfo: [ContextInfo] },
    messageContextInfo: MessageContextInfo {
      deviceListMetadata: [DeviceListMetadata],
      deviceListMetadataVersion: 2
    }
  },
  body: 'todos',
  from: '56993626751'
}
[QUEUE_SE_ENVIO]:  {
  ref: 'ans_f4ce06ad-1421-491c-b484-fb079c56a720',
  answer: 'Recuperando todos los libros de la base de datos...',
  keyword: 'key_f210c920-09ae-4126-96ba-6f63e34fef29',
  options: {
    child: null,
    delay: 0,
    media: null,
    nested: [],
    buttons: [],
    capture: false,
    keyword: {},
    callback: true
  },
  refSerialize: '17b6f95b38e3a26f20085ae3d564654f'
}
